<?xml version="1.0" encoding="UTF-8"?>
<!-- Generated by org.testng.reporters.JUnitReportReporter -->
<testsuite hostname="LAPTOP-T5HPURNE" failures="0" tests="2" name="test.LoginTest" time="11.875" errors="0" timestamp="2023-12-28T23:33:21 IST" skipped="0">
  <testcase classname="test.LoginTest" name="login" time="2.344"/>
  <system-out/>
  <testcase classname="test.LoginTest" name="iniBrowser" time="9.531"/>
  <system-out/>
</testsuite> <!-- test.LoginTest -->
